<?xml version="1.0" encoding="UTF-8"?>
<!-- Generated by org.testng.reporters.JUnitReportReporter -->
<testsuite hostname="Rakesh" failures="0" tests="1" name="GameDemo.Demo1" time="24.324" errors="0" timestamp="2023-12-03T14:04:55 GMT-05:00" skipped="0">
  <testcase classname="GameDemo.Demo1" name="Verify_Checkers_Game" time="24.324"/>
  <system-out>
    <![CDATA[Page loaded succesfully
It's your move
Game Restarted succesfully]]>
  </system-out>
</testsuite> <!-- GameDemo.Demo1 -->
