<?xml version="1.0" encoding="UTF-8"?>
<!-- Generated by org.testng.reporters.JUnitReportReporter -->
<testsuite hostname="Rakesh" failures="0" tests="1" name="GameDemo.Demo1" time="21.632" errors="0" timestamp="2023-12-03T13:12:52 GMT-05:00" skipped="0">
  <testcase classname="GameDemo.Demo1" name="Verify_Checkers_Game" time="21.632"/>
  <system-out>
    <![CDATA[page loaded succesfully]]>
  </system-out>
</testsuite> <!-- GameDemo.Demo1 -->
